2015-10-14 18:02:00,556 INFO  [|main] sirius - Java HotSpot(TM) 64-Bit Server VM (1.8, Oracle Corporation, 25.60-b23)
2015-10-14 18:02:00,558 INFO  [|main] sirius - ---------------------------------------------------------
2015-10-14 18:02:00,558 INFO  [|main] sirius - System is STARTING...
2015-10-14 18:02:00,558 INFO  [|main] sirius - ---------------------------------------------------------
2015-10-14 18:02:00,558 INFO  [|main] sirius - Loading config...
2015-10-14 18:02:00,558 INFO  [|main] sirius - ---------------------------------------------------------
2015-10-14 18:02:00,575 INFO  [|main] sirius - using application.conf from classpath...
2015-10-14 18:02:00,605 INFO  [|main] sirius - instance.conf not present work in directory
2015-10-14 18:02:00,605 INFO  [|main] sirius - ---------------------------------------------------------
2015-10-14 18:02:00,605 INFO  [|main] sirius - Starting the system...
2015-10-14 18:02:00,605 INFO  [|main] sirius - ---------------------------------------------------------
2015-10-14 18:02:00,678 INFO  [|main] sirius - Initializing the log system:
2015-10-14 18:02:00,679 INFO  [|main] sirius - * Setting velocity to: WARN
2015-10-14 18:02:00,679 INFO  [|main] sirius - * Setting ignored to: OFF
2015-10-14 18:02:00,680 INFO  [|main] sirius - Enabled 2 of 2 frameworks...
2015-10-14 18:02:00,680 INFO  [|main] sirius - Active Customizations: []
2015-10-14 18:02:00,717 INFO  [|main] di - Initializing the MicroKernel....
2015-10-14 18:02:00,717 INFO  [|main] di - ~ Scanning .class files...
2015-10-14 18:02:00,857 INFO  [|main] di - ~ Applying 1 class load actions on 338 classes...
2015-10-14 18:02:00,890 INFO  [|main] di - ~ Initializing static parts-references...
2015-10-14 18:02:00,924 INFO  [|main] di - ~ Initializing parts...
2015-10-14 18:02:00,961 INFO  [|default-1] sirius - Starting: Cluster
2015-10-14 18:02:00,961 INFO  [|default-0] sirius - Starting: async (Async Execution Engine)
2015-10-14 18:02:00,961 INFO  [|default-2] sirius - Starting: web (netty HTTP Server)
2015-10-14 18:02:00,961 INFO  [|default-2] web - Initializing netty at port 9444
2015-10-14 18:02:00,961 INFO  [|default-3] sirius - Starting: Rythm-Engine
2015-10-14 18:02:00,961 INFO  [|default-4] sirius - Starting: timer (System Timer Services)
2015-10-14 18:02:00,990 INFO  [|default-2] web - Using Linux syscall EPOLL for optimal performance!
2015-10-14 18:02:01,065 INFO  [|main] sirius - ---------------------------------------------------------
2015-10-14 18:02:01,066 INFO  [|main] sirius - System is UP and RUNNING - 554 Milliseconds
2015-10-14 18:02:01,066 INFO  [|main] sirius - ---------------------------------------------------------
2015-10-14 18:02:30,907 INFO  [|main] sirius - Stopping Sirius
2015-10-14 18:02:30,907 INFO  [|main] sirius - ---------------------------------------------------------
2015-10-14 18:02:30,907 INFO  [|main] sirius - Stopping lifecycles...
2015-10-14 18:02:30,907 INFO  [|main] sirius - ---------------------------------------------------------
2015-10-14 18:02:30,907 INFO  [|main] sirius - Stopping: timer (System Timer Services)
2015-10-14 18:02:30,907 INFO  [|main] sirius - Stopping: Rythm-Engine
2015-10-14 18:02:30,909 INFO  [|main] org.rythmengine.RythmEngine - Shutting down Rythm Engine: [re-^l&]
2015-10-14 18:02:30,910 INFO  [|main] sirius - Stopping: web (netty HTTP Server)
2015-10-14 18:02:30,935 INFO  [|main] sirius - Stopping: Cluster
2015-10-14 18:02:30,935 INFO  [|main] sirius - Stopping: async (Async Execution Engine)
2015-10-14 18:02:30,952 INFO  [|main] sirius - ---------------------------------------------------------
2015-10-14 18:02:30,960 INFO  [|main] sirius - Awaiting system halt...
2015-10-14 18:02:30,960 INFO  [|main] sirius - ---------------------------------------------------------
2015-10-14 18:02:30,961 INFO  [|main] sirius - Terminated: timer (System Timer Services) (Took: 19 us)
2015-10-14 18:02:30,961 INFO  [|main] sirius - Terminated: Rythm-Engine (Took: 5 us)
2015-10-14 18:02:33,160 INFO  [|main] sirius - Terminated: web (netty HTTP Server) (Took: 1 Second, 198 Milliseconds)
2015-10-14 18:02:33,160 INFO  [|main] sirius - Terminated: Cluster (Took: 5 us)
2015-10-14 18:02:33,160 INFO  [|main] sirius - Terminated: async (Async Execution Engine) (Took: 456 us)
2015-10-14 18:02:33,161 INFO  [|main] sirius - System halted! - Thread State
2015-10-14 18:02:33,161 INFO  [|main] sirius - ---------------------------------------------------------
2015-10-14 18:02:33,161 INFO  [|main] sirius - STATE                   ID                                                  NAME
2015-10-14 18:02:33,163 INFO  [|main] sirius - TIMED_WAITING           38                               globalEventExecutor-1-2
2015-10-14 18:02:33,163 INFO  [|main] sirius - RUNNABLE                 4                                     Signal Dispatcher
2015-10-14 18:02:33,163 INFO  [|main] sirius - WAITING                  3                                             Finalizer
2015-10-14 18:02:33,164 INFO  [|main] sirius - WAITING                  2                                     Reference Handler
2015-10-14 18:02:33,164 INFO  [|main] sirius - RUNNABLE                 1                                                  main
2015-10-14 18:02:33,164 INFO  [|main] sirius - ---------------------------------------------------------
2015-10-14 18:09:19,791 INFO  [|main] sirius - Java HotSpot(TM) 64-Bit Server VM (1.8, Oracle Corporation, 25.60-b23)
2015-10-14 18:09:19,792 INFO  [|main] sirius - ---------------------------------------------------------
2015-10-14 18:09:19,792 INFO  [|main] sirius - System is STARTING...
2015-10-14 18:09:19,792 INFO  [|main] sirius - ---------------------------------------------------------
2015-10-14 18:09:19,792 INFO  [|main] sirius - Loading config...
2015-10-14 18:09:19,793 INFO  [|main] sirius - ---------------------------------------------------------
2015-10-14 18:09:19,810 INFO  [|main] sirius - using application.conf from classpath...
2015-10-14 18:09:19,837 INFO  [|main] sirius - instance.conf not present work in directory
2015-10-14 18:09:19,838 INFO  [|main] sirius - ---------------------------------------------------------
2015-10-14 18:09:19,838 INFO  [|main] sirius - Starting the system...
2015-10-14 18:09:19,838 INFO  [|main] sirius - ---------------------------------------------------------
2015-10-14 18:09:19,900 INFO  [|main] sirius - Initializing the log system:
2015-10-14 18:09:19,901 INFO  [|main] sirius - * Setting velocity to: WARN
2015-10-14 18:09:19,901 INFO  [|main] sirius - * Setting ignored to: OFF
2015-10-14 18:09:19,902 INFO  [|main] sirius - Enabled 2 of 2 frameworks...
2015-10-14 18:09:19,902 INFO  [|main] sirius - Active Customizations: []
2015-10-14 18:09:19,932 INFO  [|main] di - Initializing the MicroKernel....
2015-10-14 18:09:19,932 INFO  [|main] di - ~ Scanning .class files...
2015-10-14 18:09:20,059 INFO  [|main] di - ~ Applying 1 class load actions on 338 classes...
2015-10-14 18:09:20,093 INFO  [|main] di - ~ Initializing static parts-references...
2015-10-14 18:09:20,125 INFO  [|main] di - ~ Initializing parts...
2015-10-14 18:09:20,140 INFO  [|default-0] sirius - Starting: async (Async Execution Engine)
2015-10-14 18:09:20,141 INFO  [|default-1] sirius - Starting: Cluster
2015-10-14 18:09:20,142 INFO  [|default-2] sirius - Starting: web (netty HTTP Server)
2015-10-14 18:09:20,142 INFO  [|default-2] web - Initializing netty at port 9444
2015-10-14 18:09:20,142 INFO  [|default-3] sirius - Starting: Rythm-Engine
2015-10-14 18:09:20,143 INFO  [|default-4] sirius - Starting: timer (System Timer Services)
2015-10-14 18:09:20,166 INFO  [|default-2] web - Using Linux syscall EPOLL for optimal performance!
2015-10-14 18:09:20,221 INFO  [|main] sirius - ---------------------------------------------------------
2015-10-14 18:09:20,221 INFO  [|main] sirius - System is UP and RUNNING - 466 Milliseconds
2015-10-14 18:09:20,221 INFO  [|main] sirius - ---------------------------------------------------------
2015-10-14 18:09:31,186 INFO  [|main] sirius - Stopping Sirius
2015-10-14 18:09:31,186 INFO  [|main] sirius - ---------------------------------------------------------
2015-10-14 18:09:31,186 INFO  [|main] sirius - Stopping lifecycles...
2015-10-14 18:09:31,186 INFO  [|main] sirius - ---------------------------------------------------------
2015-10-14 18:09:31,186 INFO  [|main] sirius - Stopping: timer (System Timer Services)
2015-10-14 18:09:31,187 INFO  [|main] sirius - Stopping: Rythm-Engine
2015-10-14 18:09:31,189 INFO  [|main] org.rythmengine.RythmEngine - Shutting down Rythm Engine: [re-XzN]
2015-10-14 18:09:31,189 INFO  [|main] sirius - Stopping: web (netty HTTP Server)
2015-10-14 18:09:31,218 INFO  [|main] sirius - Stopping: Cluster
2015-10-14 18:09:31,218 INFO  [|main] sirius - Stopping: async (Async Execution Engine)
2015-10-14 18:09:31,219 INFO  [|main] sirius - ---------------------------------------------------------
2015-10-14 18:09:31,225 INFO  [|main] sirius - Awaiting system halt...
2015-10-14 18:09:31,225 INFO  [|main] sirius - ---------------------------------------------------------
2015-10-14 18:09:31,225 INFO  [|main] sirius - Terminated: timer (System Timer Services) (Took: 13 us)
2015-10-14 18:09:31,225 INFO  [|main] sirius - Terminated: Rythm-Engine (Took: 3 us)
2015-10-14 18:09:33,422 INFO  [|main] sirius - Terminated: web (netty HTTP Server) (Took: 1 Second, 197 Milliseconds)
2015-10-14 18:09:33,422 INFO  [|main] sirius - Terminated: Cluster (Took: 2 us)
2015-10-14 18:09:33,423 INFO  [|main] sirius - Terminated: async (Async Execution Engine) (Took: 244 us)
2015-10-14 18:09:33,423 INFO  [|main] sirius - System halted! - Thread State
2015-10-14 18:09:33,423 INFO  [|main] sirius - ---------------------------------------------------------
2015-10-14 18:09:33,423 INFO  [|main] sirius - STATE                   ID                                                  NAME
2015-10-14 18:09:33,424 INFO  [|main] sirius - TIMED_WAITING           38                               globalEventExecutor-1-2
2015-10-14 18:09:33,424 INFO  [|main] sirius - RUNNABLE                 4                                     Signal Dispatcher
2015-10-14 18:09:33,424 INFO  [|main] sirius - WAITING                  3                                             Finalizer
2015-10-14 18:09:33,424 INFO  [|main] sirius - WAITING                  2                                     Reference Handler
2015-10-14 18:09:33,424 INFO  [|main] sirius - RUNNABLE                 1                                                  main
2015-10-14 18:09:33,424 INFO  [|main] sirius - ---------------------------------------------------------
2015-10-14 18:15:37,530 INFO  [|main] sirius - Java HotSpot(TM) 64-Bit Server VM (1.8, Oracle Corporation, 25.60-b23)
2015-10-14 18:15:37,532 INFO  [|main] sirius - ---------------------------------------------------------
2015-10-14 18:15:37,532 INFO  [|main] sirius - System is STARTING...
2015-10-14 18:15:37,532 INFO  [|main] sirius - ---------------------------------------------------------
2015-10-14 18:15:37,532 INFO  [|main] sirius - Loading config...
2015-10-14 18:15:37,532 INFO  [|main] sirius - ---------------------------------------------------------
2015-10-14 18:15:37,548 INFO  [|main] sirius - using application.conf from classpath...
2015-10-14 18:15:37,579 INFO  [|main] sirius - instance.conf not present work in directory
2015-10-14 18:15:37,580 INFO  [|main] sirius - ---------------------------------------------------------
2015-10-14 18:15:37,580 INFO  [|main] sirius - Starting the system...
2015-10-14 18:15:37,580 INFO  [|main] sirius - ---------------------------------------------------------
2015-10-14 18:15:37,671 INFO  [|main] sirius - Initializing the log system:
2015-10-14 18:15:37,673 INFO  [|main] sirius - * Setting velocity to: WARN
2015-10-14 18:15:37,673 INFO  [|main] sirius - * Setting ignored to: OFF
2015-10-14 18:15:37,673 INFO  [|main] sirius - Enabled 2 of 2 frameworks...
2015-10-14 18:15:37,674 INFO  [|main] sirius - Active Customizations: []
2015-10-14 18:15:37,716 INFO  [|main] di - Initializing the MicroKernel....
2015-10-14 18:15:37,716 INFO  [|main] di - ~ Scanning .class files...
2015-10-14 18:15:37,856 INFO  [|main] di - ~ Applying 1 class load actions on 338 classes...
2015-10-14 18:15:37,891 INFO  [|main] di - ~ Initializing static parts-references...
2015-10-14 18:15:37,924 INFO  [|main] di - ~ Initializing parts...
2015-10-14 18:15:37,939 INFO  [|default-0] sirius - Starting: async (Async Execution Engine)
2015-10-14 18:15:37,940 INFO  [|default-1] sirius - Starting: Cluster
2015-10-14 18:15:37,941 INFO  [|default-2] sirius - Starting: web (netty HTTP Server)
2015-10-14 18:15:37,941 INFO  [|default-3] sirius - Starting: Rythm-Engine
2015-10-14 18:15:37,941 INFO  [|default-2] web - Initializing netty at port 9444
2015-10-14 18:15:37,941 INFO  [|default-4] sirius - Starting: timer (System Timer Services)
2015-10-14 18:15:37,969 INFO  [|default-2] web - Using Linux syscall EPOLL for optimal performance!
2015-10-14 18:15:38,043 INFO  [|main] sirius - ---------------------------------------------------------
2015-10-14 18:15:38,043 INFO  [|main] sirius - System is UP and RUNNING - 557 Milliseconds
2015-10-14 18:15:38,043 INFO  [|main] sirius - ---------------------------------------------------------
2015-10-14 18:16:03,105 INFO  [|main] sirius - Stopping Sirius
2015-10-14 18:16:03,106 INFO  [|main] sirius - ---------------------------------------------------------
2015-10-14 18:16:03,106 INFO  [|main] sirius - Stopping lifecycles...
2015-10-14 18:16:03,106 INFO  [|main] sirius - ---------------------------------------------------------
2015-10-14 18:16:03,106 INFO  [|main] sirius - Stopping: timer (System Timer Services)
2015-10-14 18:16:03,107 INFO  [|main] sirius - Stopping: Rythm-Engine
2015-10-14 18:16:03,109 INFO  [|main] org.rythmengine.RythmEngine - Shutting down Rythm Engine: [re-DZb]
2015-10-14 18:16:03,109 INFO  [|main] sirius - Stopping: web (netty HTTP Server)
2015-10-14 18:16:03,123 INFO  [|main] sirius - Stopping: Cluster
2015-10-14 18:16:03,139 INFO  [|main] sirius - Stopping: async (Async Execution Engine)
2015-10-14 18:16:03,140 INFO  [|main] sirius - ---------------------------------------------------------
2015-10-14 18:16:03,150 INFO  [|main] sirius - Awaiting system halt...
2015-10-14 18:16:03,151 INFO  [|main] sirius - ---------------------------------------------------------
2015-10-14 18:16:03,151 INFO  [|main] sirius - Terminated: timer (System Timer Services) (Took: 13 us)
2015-10-14 18:16:03,151 INFO  [|main] sirius - Terminated: Rythm-Engine (Took: 3 us)
2015-10-14 18:16:05,344 INFO  [|main] sirius - Terminated: web (netty HTTP Server) (Took: 1 Second, 192 Milliseconds)
2015-10-14 18:16:05,344 INFO  [|main] sirius - Terminated: Cluster (Took: 6 us)
2015-10-14 18:16:05,345 INFO  [|main] sirius - Terminated: async (Async Execution Engine) (Took: 405 us)
2015-10-14 18:16:05,345 INFO  [|main] sirius - System halted! - Thread State
2015-10-14 18:16:05,345 INFO  [|main] sirius - ---------------------------------------------------------
2015-10-14 18:16:05,345 INFO  [|main] sirius - STATE                   ID                                                  NAME
2015-10-14 18:16:05,347 INFO  [|main] sirius - TIMED_WAITING           38                               globalEventExecutor-1-2
2015-10-14 18:16:05,347 INFO  [|main] sirius - RUNNABLE                 4                                     Signal Dispatcher
2015-10-14 18:16:05,347 INFO  [|main] sirius - WAITING                  3                                             Finalizer
2015-10-14 18:16:05,347 INFO  [|main] sirius - WAITING                  2                                     Reference Handler
2015-10-14 18:16:05,348 INFO  [|main] sirius - RUNNABLE                 1                                                  main
2015-10-14 18:16:05,348 INFO  [|main] sirius - ---------------------------------------------------------
2015-10-14 18:21:20,510 INFO  [|main] sirius - Java HotSpot(TM) 64-Bit Server VM (1.8, Oracle Corporation, 25.60-b23)
2015-10-14 18:21:20,511 INFO  [|main] sirius - ---------------------------------------------------------
2015-10-14 18:21:20,512 INFO  [|main] sirius - System is STARTING...
2015-10-14 18:21:20,512 INFO  [|main] sirius - ---------------------------------------------------------
2015-10-14 18:21:20,512 INFO  [|main] sirius - Loading config...
2015-10-14 18:21:20,512 INFO  [|main] sirius - ---------------------------------------------------------
2015-10-14 18:21:20,524 INFO  [|main] sirius - using application.conf from classpath...
2015-10-14 18:21:20,548 INFO  [|main] sirius - instance.conf not present work in directory
2015-10-14 18:21:20,548 INFO  [|main] sirius - ---------------------------------------------------------
2015-10-14 18:21:20,549 INFO  [|main] sirius - Starting the system...
2015-10-14 18:21:20,549 INFO  [|main] sirius - ---------------------------------------------------------
2015-10-14 18:21:20,621 INFO  [|main] sirius - Initializing the log system:
2015-10-14 18:21:20,622 INFO  [|main] sirius - * Setting velocity to: WARN
2015-10-14 18:21:20,622 INFO  [|main] sirius - * Setting ignored to: OFF
2015-10-14 18:21:20,622 INFO  [|main] sirius - Enabled 2 of 2 frameworks...
2015-10-14 18:21:20,623 INFO  [|main] sirius - Active Customizations: []
2015-10-14 18:21:20,656 INFO  [|main] di - Initializing the MicroKernel....
2015-10-14 18:21:20,656 INFO  [|main] di - ~ Scanning .class files...
2015-10-14 18:21:20,792 INFO  [|main] di - ~ Applying 1 class load actions on 338 classes...
2015-10-14 18:21:20,827 INFO  [|main] di - ~ Initializing static parts-references...
2015-10-14 18:21:20,861 INFO  [|main] di - ~ Initializing parts...
2015-10-14 18:21:20,875 INFO  [|default-0] sirius - Starting: async (Async Execution Engine)
2015-10-14 18:21:20,876 INFO  [|default-1] sirius - Starting: Cluster
2015-10-14 18:21:20,877 INFO  [|default-2] sirius - Starting: web (netty HTTP Server)
2015-10-14 18:21:20,877 INFO  [|default-3] sirius - Starting: Rythm-Engine
2015-10-14 18:21:20,877 INFO  [|default-2] web - Initializing netty at port 9444
2015-10-14 18:21:20,878 INFO  [|default-4] sirius - Starting: timer (System Timer Services)
2015-10-14 18:21:20,899 INFO  [|default-2] web - Using Linux syscall EPOLL for optimal performance!
2015-10-14 18:21:20,964 INFO  [|main] sirius - ---------------------------------------------------------
2015-10-14 18:21:20,965 INFO  [|main] sirius - System is UP and RUNNING - 492 Milliseconds
2015-10-14 18:21:20,965 INFO  [|main] sirius - ---------------------------------------------------------
2015-10-14 18:21:31,385 INFO  [|main] sirius - Stopping Sirius
2015-10-14 18:21:31,385 INFO  [|main] sirius - ---------------------------------------------------------
2015-10-14 18:21:31,385 INFO  [|main] sirius - Stopping lifecycles...
2015-10-14 18:21:31,385 INFO  [|main] sirius - ---------------------------------------------------------
2015-10-14 18:21:31,385 INFO  [|main] sirius - Stopping: timer (System Timer Services)
2015-10-14 18:21:31,385 INFO  [|main] sirius - Stopping: Rythm-Engine
2015-10-14 18:21:31,387 INFO  [|main] org.rythmengine.RythmEngine - Shutting down Rythm Engine: [re-xFG]
2015-10-14 18:21:31,388 INFO  [|main] sirius - Stopping: web (netty HTTP Server)
2015-10-14 18:21:31,421 INFO  [|main] sirius - Stopping: Cluster
2015-10-14 18:21:31,421 INFO  [|main] sirius - Stopping: async (Async Execution Engine)
2015-10-14 18:21:31,421 INFO  [|main] sirius - ---------------------------------------------------------
2015-10-14 18:21:31,429 INFO  [|main] sirius - Awaiting system halt...
2015-10-14 18:21:31,429 INFO  [|main] sirius - ---------------------------------------------------------
2015-10-14 18:21:31,429 INFO  [|main] sirius - Terminated: timer (System Timer Services) (Took: 14 us)
2015-10-14 18:21:31,429 INFO  [|main] sirius - Terminated: Rythm-Engine (Took: 4 us)
2015-10-14 18:21:33,625 INFO  [|main] sirius - Terminated: web (netty HTTP Server) (Took: 1 Second, 195 Milliseconds)
2015-10-14 18:21:33,625 INFO  [|main] sirius - Terminated: Cluster (Took: 5 us)
2015-10-14 18:21:33,626 INFO  [|main] sirius - Terminated: async (Async Execution Engine) (Took: 511 us)
2015-10-14 18:21:33,626 INFO  [|main] sirius - System halted! - Thread State
2015-10-14 18:21:33,626 INFO  [|main] sirius - ---------------------------------------------------------
2015-10-14 18:21:33,626 INFO  [|main] sirius - STATE                   ID                                                  NAME
2015-10-14 18:21:33,628 INFO  [|main] sirius - TIMED_WAITING           37                               globalEventExecutor-1-1
2015-10-14 18:21:33,628 INFO  [|main] sirius - RUNNABLE                 4                                     Signal Dispatcher
2015-10-14 18:21:33,628 INFO  [|main] sirius - WAITING                  3                                             Finalizer
2015-10-14 18:21:33,628 INFO  [|main] sirius - WAITING                  2                                     Reference Handler
2015-10-14 18:21:33,628 INFO  [|main] sirius - RUNNABLE                 1                                                  main
2015-10-14 18:21:33,629 INFO  [|main] sirius - ---------------------------------------------------------
